%!Adobe-FontList 1.22
%Locale:0x409

%BeginFont
Handler:DirectoryHandler
FontType:Invalid
OutlineFileName:/Users/dileny/Desktop/WEB CLERK Folder/Document fonts/AdobeFnt22.lst
FileLength:2319
FileModTime:672446193
%EndFont

%BeginFont
Handler:DirectoryHandler
FontType:Type1
FontName:MinionVariableConcept-Italic
FamilyName:Minion Variable Concept
StyleName:Italic
MenuName:Minion Variable Concept
StyleBits:1
WeightClass:400
WidthClass:5
AngleClass:1
FullName:Minion Variable Concept Italic
WritingScript:Roman
OutlineFileName:/Users/dileny/Desktop/WEB CLERK Folder/Document fonts/MinionVariableConcept-Italic.otf
DataFormat:sfntData
UsesStandardEncoding:yes
isCFF:yes
hasSVG:no
VariableFontType:CFF2VariableFont
FileLength:209728
FileModTime:640836636
NameArray:0,Win,1,Minion Variable Concept
%EndFont

%BeginFont
Handler:DirectoryHandler
FontType:Type1
FontName:MinionVariableConcept-Roman
FamilyName:Minion Variable Concept
StyleName:Roman
MenuName:Minion Variable Concept
StyleBits:0
WeightClass:400
WidthClass:5
AngleClass:0
FullName:Minion Variable Concept Roman
WritingScript:Roman
OutlineFileName:/Users/dileny/Desktop/WEB CLERK Folder/Document fonts/MinionVariableConcept-Roman.otf
DataFormat:sfntData
UsesStandardEncoding:yes
isCFF:yes
hasSVG:no
VariableFontType:CFF2VariableFont
FileLength:298864
FileModTime:640836635
NameArray:0,Win,1,Minion Variable Concept
%EndFont

%BeginFont
Handler:DirectoryHandler
FontType:Type1
FontName:MyriadPro-Bold
FamilyName:Myriad Pro
StyleName:Bold
MenuName:Myriad Pro
StyleBits:2
WeightClass:700
WidthClass:5
AngleClass:0
FullName:Myriad Pro Bold
WritingScript:Roman
OutlineFileName:/Users/dileny/Desktop/WEB CLERK Folder/Document fonts/MyriadPro-Bold.otf
DataFormat:sfntData
UsesStandardEncoding:yes
isCFF:yes
hasSVG:no
VariableFontType:NonVariableFont
FileLength:97124
FileModTime:547150491
DesignSize:110
NameArray:0,Mac,4,Myriad Pro Bold
NameArray:0,Win,1,Myriad Pro
%EndFont

%BeginFont
Handler:DirectoryHandler
FontType:Type1
FontName:MyriadVariableConcept-Roman
FamilyName:Myriad Variable Concept
StyleName:Roman
MenuName:Myriad Variable Concept
StyleBits:0
WeightClass:300
WidthClass:3
AngleClass:0
FullName:Myriad Variable Concept Roman
WritingScript:Roman
OutlineFileName:/Users/dileny/Desktop/WEB CLERK Folder/Document fonts/MyriadVariableConcept-Roman.otf
DataFormat:sfntData
UsesStandardEncoding:yes
isCFF:yes
hasSVG:no
VariableFontType:CFF2VariableFont
FileLength:68856
FileModTime:640836635
NameArray:0,Win,1,Myriad Variable Concept
%EndFont

